<?xml version="1.0" encoding="UTF-8"?>
<testng-results ignored="0" total="1" passed="1" failed="0" skipped="0">
  <reporter-output>
  </reporter-output>
  <suite started-at="2026-07-29T17:04:04 CEST" name="Decathlon QA Automation Suite" finished-at="2026-07-29T17:04:26 CEST" duration-ms="22478">
    <groups>
    </groups>
    <test started-at="2026-07-29T17:04:04 CEST" name="Decathlon E2E Tests" finished-at="2026-07-29T17:04:26 CEST" duration-ms="22478">
      <class name="Tests.TC04_AddToCartAndVerifyOrderTotal">
        <test-method is-config="true" signature="setUp()[pri:0, instance:Tests.TC04_AddToCartAndVerifyOrderTotal@77888435]" started-at="2026-07-29T17:04:04 CEST" name="setUp" finished-at="2026-07-29T17:04:07 CEST" duration-ms="3436" status="PASS">
          <reporter-output>
          </reporter-output>
        </test-method> <!-- setUp -->
        <test-method signature="addToCartAndVerifyOrderTotalTest()[pri:0, instance:Tests.TC04_AddToCartAndVerifyOrderTotal@77888435]" started-at="2026-07-29T17:04:07 CEST" name="addToCartAndVerifyOrderTotalTest" finished-at="2026-07-29T17:04:26 CEST" duration-ms="18267" status="PASS">
          <reporter-output>
          </reporter-output>
        </test-method> <!-- addToCartAndVerifyOrderTotalTest -->
        <test-method is-config="true" signature="captureScreenshotOnFailure(org.testng.ITestResult)[pri:0, instance:Tests.TC04_AddToCartAndVerifyOrderTotal@77888435]" started-at="2026-07-29T17:04:26 CEST" name="captureScreenshotOnFailure" finished-at="2026-07-29T17:04:26 CEST" duration-ms="2" status="PASS">
          <params>
            <param index="0">
              <value>
                <![CDATA[[TestResult name=addToCartAndVerifyOrderTotalTest status=SUCCESS method=TC04_AddToCartAndVerifyOrderTotal.addToCartAndVerifyOrderTotalTest()[pri:0, instance:Tests.TC04_AddToCartAndVerifyOrderTotal@77888435] output={null}]]]>
              </value>
            </param>
          </params>
          <reporter-output>
          </reporter-output>
        </test-method> <!-- captureScreenshotOnFailure -->
        <test-method is-config="true" signature="tearDown()[pri:0, instance:Tests.TC04_AddToCartAndVerifyOrderTotal@77888435]" started-at="2026-07-29T17:04:26 CEST" name="tearDown" finished-at="2026-07-29T17:04:26 CEST" duration-ms="737" status="PASS">
          <reporter-output>
          </reporter-output>
        </test-method> <!-- tearDown -->
      </class> <!-- Tests.TC04_AddToCartAndVerifyOrderTotal -->
    </test> <!-- Decathlon E2E Tests -->
  </suite> <!-- Decathlon QA Automation Suite -->
</testng-results>
